[+] Containers:
 |- [+] Container: /Game/Maps/Mountains
 |   |- [+] ActorDescs:
 |   |   |- Guid:0293C7024CCBB732D566E1A63AE98059 BaseClass: NativeClass:/Script/Landscape.LandscapeStreamingProxy Name:LandscapeStreamingProxy_22GGT6N0606TOCY28AF2L1X1E_126_3_2_0 Label:LandscapeStreamingProxy_3_2_0 SpatiallyLoaded:1 Bounds:IsValid=true, Min=(X=12600.000 Y=3.000 Z=-3.000), Max=(X=25200.000 Y=12603.000 Z=3699.344) RuntimeGrid:None EditorOnly:0 RuntimeOnly:0 HLODRelevant:1 ListedInSceneOutliner:1 IsMainWorldOnly:0
 |   |   |- Guid:0B7BFC654B2A60BAA94D0F82F565206A BaseClass: NativeClass:/Script/Landscape.LandscapeStreamingProxy Name:LandscapeStreamingProxy_22GGT6N0606TOCY28AF2L1X1E_126_0_2_0 Label:LandscapeStreamingProxy_0_2_0 SpatiallyLoaded:1 Bounds:IsValid=true, Min=(X=-25200.000 Y=3.000 Z=-95.188), Max=(X=-12600.000 Y=12603.000 Z=2475.125) RuntimeGrid:None EditorOnly:0 RuntimeOnly:0 HLODRelevant:1 ListedInSceneOutliner:1 IsMainWorldOnly:0
 |   |   |- Guid:151F6E1E4711AFD5065389AE5369E6E4 BaseClass: NativeClass:/Script/Landscape.LandscapeStreamingProxy Name:LandscapeStreamingProxy_22GGT6N0606TOCY28AF2L1X1E_126_1_2_0 Label:LandscapeStreamingProxy_1_2_0 SpatiallyLoaded:1 Bounds:IsValid=true, Min=(X=-12600.000 Y=3.000 Z=-142.844), Max=(X=0.000 Y=12603.000 Z=3387.625) RuntimeGrid:None EditorOnly:0 RuntimeOnly:0 HLODRelevant:1 ListedInSceneOutliner:1 IsMainWorldOnly:0
 |   |   |- Guid:190E4A924F1E1D98AE50D6942AD0C938 BaseClass: NativeClass:/Script/Landscape.LandscapeStreamingProxy Name:LandscapeStreamingProxy_22GGT6N0606TOCY28AF2L1X1E_126_2_1_0 Label:LandscapeStreamingProxy_2_1_0 SpatiallyLoaded:1 Bounds:IsValid=true, Min=(X=0.000 Y=-12597.000 Z=-114.719), Max=(X=12600.000 Y=3.000 Z=3953.250) RuntimeGrid:None EditorOnly:0 RuntimeOnly:0 HLODRelevant:1 ListedInSceneOutliner:1 IsMainWorldOnly:0
 |   |   |- Guid:1BC2B3154D482D0965ABC18F7D927E9A BaseClass:/Game/Blueprints/StingingNettle.StingingNettle_C NativeClass:/Script/Engine.Actor Name:StingingNettle_C_UAID_D88083CC16D240A002_1915609721 Label:StingingNettle2 SpatiallyLoaded:1 Bounds:IsValid=true, Min=(X=1273.565 Y=788.293 Z=117.250), Max=(X=1365.259 Y=879.987 Z=227.218) RuntimeGrid:None EditorOnly:0 RuntimeOnly:0 HLODRelevant:0 ListedInSceneOutliner:1 IsMainWorldOnly:0
 |   |   |- Guid:1D413E23403DFF2A838CCBB269CA5076 BaseClass: NativeClass:/Script/Landscape.LandscapeStreamingProxy Name:LandscapeStreamingProxy_22GGT6N0606TOCY28AF2L1X1E_126_3_3_0 Label:LandscapeStreamingProxy_3_3_0 SpatiallyLoaded:1 Bounds:IsValid=true, Min=(X=12600.000 Y=12603.000 Z=-3.000), Max=(X=25200.000 Y=25203.000 Z=4061.844) RuntimeGrid:None EditorOnly:0 RuntimeOnly:0 HLODRelevant:1 ListedInSceneOutliner:1 IsMainWorldOnly:0
 |   |   |- Guid:21322DA4455218DDB468AC94DC130CE5 BaseClass: NativeClass:/Script/Landscape.LandscapeStreamingProxy Name:LandscapeStreamingProxy_22GGT6N0606TOCY28AF2L1X1E_126_3_1_0 Label:LandscapeStreamingProxy_3_1_0 SpatiallyLoaded:1 Bounds:IsValid=true, Min=(X=12600.000 Y=-12597.000 Z=-71.750), Max=(X=25200.000 Y=3.000 Z=2819.656) RuntimeGrid:None EditorOnly:0 RuntimeOnly:0 HLODRelevant:1 ListedInSceneOutliner:1 IsMainWorldOnly:0
 |   |   |- Guid:2FB58999456391D349DC0F86DAC136ED BaseClass: NativeClass:/Script/Engine.SkyLight Name:SkyLight_1 Label:SkyLight SpatiallyLoaded:0 Bounds:IsValid=true, Min=(X=0.000 Y=84.915 Z=860.501), Max=(X=0.000 Y=84.915 Z=860.501) RuntimeGrid:None EditorOnly:0 RuntimeOnly:0 HLODRelevant:0 ListedInSceneOutliner:1 IsMainWorldOnly:0 FolderPath:Lighting FolderGuid:963EC3EB4002CCE9759E2EBA541A873A
 |   |   |- Guid:30F624A84312638773736EA5D71A7B10 BaseClass: NativeClass:/Script/Landscape.LandscapeStreamingProxy Name:LandscapeStreamingProxy_22GGT6N0606TOCY28AF2L1X1E_126_0_1_0 Label:LandscapeStreamingProxy_0_1_0 SpatiallyLoaded:1 Bounds:IsValid=true, Min=(X=-25200.000 Y=-12597.000 Z=-8.469), Max=(X=-12600.000 Y=3.000 Z=1862.625) RuntimeGrid:None EditorOnly:0 RuntimeOnly:0 HLODRelevant:1 ListedInSceneOutliner:1 IsMainWorldOnly:0
 |   |   |- Guid:316CF2A6494ACA4C0E4180A87D36AB8F BaseClass: NativeClass:/Script/Engine.ExponentialHeightFog Name:ExponentialHeightFog_0 Label:ExponentialHeightFog SpatiallyLoaded:0 Bounds:IsValid=true, Min=(X=-5600.000 Y=-50.000 Z=-6850.000), Max=(X=-5600.000 Y=-50.000 Z=-6850.000) RuntimeGrid:None EditorOnly:0 RuntimeOnly:0 HLODRelevant:0 ListedInSceneOutliner:1 IsMainWorldOnly:0 FolderPath:Lighting FolderGuid:963EC3EB4002CCE9759E2EBA541A873A
 |   |   |- Guid:3A00AA1C422CE54C0BDB60BAF471BFBB BaseClass: NativeClass:/Script/Engine.PlayerStart Name:PlayerStart_0 Label:PlayerStart SpatiallyLoaded:0 Bounds:IsValid=true, Min=(X=860.000 Y=1070.000 Z=316.842), Max=(X=940.000 Y=1150.000 Z=500.842) RuntimeGrid:None EditorOnly:0 RuntimeOnly:0 HLODRelevant:0 ListedInSceneOutliner:1 IsMainWorldOnly:0
 |   |   |- Guid:45152A60427736A248D2289E24A990A7 BaseClass: NativeClass:/Script/Landscape.LandscapeStreamingProxy Name:LandscapeStreamingProxy_22GGT6N0606TOCY28AF2L1X1E_126_1_1_0 Label:LandscapeStreamingProxy_1_1_0 SpatiallyLoaded:1 Bounds:IsValid=true, Min=(X=-12600.000 Y=-12597.000 Z=-3.000), Max=(X=0.000 Y=3.000 Z=3323.562) RuntimeGrid:None EditorOnly:0 RuntimeOnly:0 HLODRelevant:1 ListedInSceneOutliner:1 IsMainWorldOnly:0
 |   |   |- Guid:4D3BE93F4146AAAC8BBE79999D96D57F BaseClass: NativeClass:/Script/Engine.VolumetricCloud Name:VolumetricCloud_0 Label:VolumetricCloud SpatiallyLoaded:0 Bounds:IsValid=true, Min=(X=0.000 Y=0.000 Z=820.000), Max=(X=0.000 Y=0.000 Z=820.000) RuntimeGrid:None EditorOnly:0 RuntimeOnly:0 HLODRelevant:0 ListedInSceneOutliner:1 IsMainWorldOnly:0 FolderPath:Lighting FolderGuid:963EC3EB4002CCE9759E2EBA541A873A
 |   |   |- Guid:5F6AF956406622F95C114293C5A61816 BaseClass: NativeClass:/Script/Landscape.LandscapeStreamingProxy Name:LandscapeStreamingProxy_22GGT6N0606TOCY28AF2L1X1E_126_0_0_0 Label:LandscapeStreamingProxy_0_0_0 SpatiallyLoaded:1 Bounds:IsValid=true, Min=(X=-25200.000 Y=-25197.000 Z=-3.000), Max=(X=-12600.000 Y=-12597.000 Z=2111.844) RuntimeGrid:None EditorOnly:0 RuntimeOnly:0 HLODRelevant:1 ListedInSceneOutliner:1 IsMainWorldOnly:0
 |   |   |- Guid:6BAF4DDD444C60371492D3919DB42C97 BaseClass: NativeClass:/Script/Engine.WorldDataLayers Name:WorldDataLayers Label:WorldDataLayers SpatiallyLoaded:0 Bounds:Invalid RuntimeGrid:None EditorOnly:0 RuntimeOnly:0 HLODRelevant:0 ListedInSceneOutliner:1 IsMainWorldOnly:1
 |   |   |- Guid:6D8C734646124668FC10FB81CA0566B4 BaseClass: NativeClass:/Script/Landscape.LandscapeStreamingProxy Name:LandscapeStreamingProxy_22GGT6N0606TOCY28AF2L1X1E_126_1_3_0 Label:LandscapeStreamingProxy_1_3_0 SpatiallyLoaded:1 Bounds:IsValid=true, Min=(X=-12600.000 Y=12603.000 Z=-89.719), Max=(X=0.000 Y=25203.000 Z=1317.312) RuntimeGrid:None EditorOnly:0 RuntimeOnly:0 HLODRelevant:1 ListedInSceneOutliner:1 IsMainWorldOnly:0
 |   |   |- Guid:6E5A98E34962F20C14CE7AB2BECF9022 BaseClass: NativeClass:/Script/Landscape.LandscapeStreamingProxy Name:LandscapeStreamingProxy_22GGT6N0606TOCY28AF2L1X1E_126_1_0_0 Label:LandscapeStreamingProxy_1_0_0 SpatiallyLoaded:1 Bounds:IsValid=true, Min=(X=-12600.000 Y=-25197.000 Z=77.469), Max=(X=0.000 Y=-12597.000 Z=2156.375) RuntimeGrid:None EditorOnly:0 RuntimeOnly:0 HLODRelevant:1 ListedInSceneOutliner:1 IsMainWorldOnly:0
 |   |   |- Guid:92A0EBC54D36DBBC3AF734ABDE546676 BaseClass: NativeClass:/Script/Landscape.LandscapeStreamingProxy Name:LandscapeStreamingProxy_22GGT6N0606TOCY28AF2L1X1E_126_0_3_0 Label:LandscapeStreamingProxy_0_3_0 SpatiallyLoaded:1 Bounds:IsValid=true, Min=(X=-25200.000 Y=12603.000 Z=-92.844), Max=(X=-12600.000 Y=25203.000 Z=1589.188) RuntimeGrid:None EditorOnly:0 RuntimeOnly:0 HLODRelevant:1 ListedInSceneOutliner:1 IsMainWorldOnly:0
 |   |   |- Guid:A68146DC43C8D70EA04C849238BA94EE BaseClass: NativeClass:/Script/Landscape.LandscapeStreamingProxy Name:LandscapeStreamingProxy_22GGT6N0606TOCY28AF2L1X1E_126_2_3_0 Label:LandscapeStreamingProxy_2_3_0 SpatiallyLoaded:1 Bounds:IsValid=true, Min=(X=0.000 Y=12603.000 Z=9.500), Max=(X=12600.000 Y=25203.000 Z=1352.469) RuntimeGrid:None EditorOnly:0 RuntimeOnly:0 HLODRelevant:1 ListedInSceneOutliner:1 IsMainWorldOnly:0
 |   |   |- Guid:ADB1E400484082F840A5BFBFB7DD551E BaseClass: NativeClass:/Script/Landscape.LandscapeStreamingProxy Name:LandscapeStreamingProxy_22GGT6N0606TOCY28AF2L1X1E_126_2_0_0 Label:LandscapeStreamingProxy_2_0_0 SpatiallyLoaded:1 Bounds:IsValid=true, Min=(X=0.000 Y=-25197.000 Z=82.156), Max=(X=12600.000 Y=-12597.000 Z=1058.719) RuntimeGrid:None EditorOnly:0 RuntimeOnly:0 HLODRelevant:1 ListedInSceneOutliner:1 IsMainWorldOnly:0
 |   |   |- Guid:B785ED2844B84CFB91E7F39FE661CD99 BaseClass: NativeClass:/Script/Engine.DirectionalLight Name:DirectionalLight_0 Label:DirectionalLight SpatiallyLoaded:0 Bounds:Invalid RuntimeGrid:None EditorOnly:0 RuntimeOnly:0 HLODRelevant:0 ListedInSceneOutliner:1 IsMainWorldOnly:0 FolderPath:Lighting FolderGuid:963EC3EB4002CCE9759E2EBA541A873A
 |   |   |- Guid:BC9176CA40462C1370FB2CA3CA610331 BaseClass:/Game/Blueprints/StingingNettle.StingingNettle_C NativeClass:/Script/Engine.Actor Name:StingingNettle_C_UAID_D88083CC16D240A002_1902741720 Label:StingingNettle SpatiallyLoaded:1 Bounds:IsValid=true, Min=(X=819.472 Y=594.982 Z=325.933), Max=(X=911.166 Y=686.676 Z=435.901) RuntimeGrid:None EditorOnly:0 RuntimeOnly:0 HLODRelevant:0 ListedInSceneOutliner:1 IsMainWorldOnly:0
 |   |   |- Guid:CCFF262C46EEFFDF319E7F9539CE697E BaseClass: NativeClass:/Script/Engine.SkyAtmosphere Name:SkyAtmosphere_0 Label:SkyAtmosphere SpatiallyLoaded:0 Bounds:IsValid=true, Min=(X=0.000 Y=0.000 Z=1020.000), Max=(X=0.000 Y=0.000 Z=1020.000) RuntimeGrid:None EditorOnly:0 RuntimeOnly:0 HLODRelevant:0 ListedInSceneOutliner:1 IsMainWorldOnly:0 FolderPath:Lighting FolderGuid:963EC3EB4002CCE9759E2EBA541A873A
 |   |   |- Guid:CE8020304DAA4DC9B23289ADAAE023D2 BaseClass: NativeClass:/Script/Landscape.LandscapeStreamingProxy Name:LandscapeStreamingProxy_22GGT6N0606TOCY28AF2L1X1E_126_3_0_0 Label:LandscapeStreamingProxy_3_0_0 SpatiallyLoaded:1 Bounds:IsValid=true, Min=(X=12600.000 Y=-25197.000 Z=-3.000), Max=(X=25200.000 Y=-12597.000 Z=1329.812) RuntimeGrid:None EditorOnly:0 RuntimeOnly:0 HLODRelevant:1 ListedInSceneOutliner:1 IsMainWorldOnly:0
 |   |   |- Guid:D7239821487AFB78588616A1A452AD34 BaseClass: NativeClass:/Script/Landscape.LandscapeStreamingProxy Name:LandscapeStreamingProxy_22GGT6N0606TOCY28AF2L1X1E_126_2_2_0 Label:LandscapeStreamingProxy_2_2_0 SpatiallyLoaded:1 Bounds:IsValid=true, Min=(X=0.000 Y=3.000 Z=-145.188), Max=(X=12600.000 Y=12603.000 Z=2197.781) RuntimeGrid:None EditorOnly:0 RuntimeOnly:0 HLODRelevant:1 ListedInSceneOutliner:1 IsMainWorldOnly:0
 |   |   |- Guid:EC4E0C944CE6AC6E784BC6BB2916EA13 BaseClass: NativeClass:/Script/Engine.StaticMeshActor Name:StaticMeshActor_UAID_A4AE111137DC5EFB00_1110535423 Label:SM_SkySphere SpatiallyLoaded:0 Bounds:IsValid=true, Min=(X=-1638400.000 Y=-1638400.000 Z=-1638400.000), Max=(X=1638400.000 Y=1638400.000 Z=1638400.000) RuntimeGrid:None EditorOnly:0 RuntimeOnly:0 HLODRelevant:0 ListedInSceneOutliner:1 IsMainWorldOnly:0 FolderPath:Lighting FolderGuid:963EC3EB4002CCE9759E2EBA541A873A
 |   |   |- Guid:FA40CD9643F5B2FD6480CE94BFB47B21 BaseClass: NativeClass:/Script/Landscape.Landscape Name:Landscape_UAID_D88083CC16D238A002_1948845311 Label:Landscape SpatiallyLoaded:0 Bounds:IsValid=true, Min=(X=-25200.000 Y=-25197.000 Z=-3.000), Max=(X=-25200.000 Y=-25197.000 Z=-3.000) RuntimeGrid:None EditorOnly:0 RuntimeOnly:0 HLODRelevant:0 ListedInSceneOutliner:1 IsMainWorldOnly:0
 |   |- [+] Clusters:
 |   |   |- [+] [  0]
 |   |   |   |- Guid:0293C7024CCBB732D566E1A63AE98059 BaseClass: NativeClass:/Script/Landscape.LandscapeStreamingProxy Name:LandscapeStreamingProxy_22GGT6N0606TOCY28AF2L1X1E_126_3_2_0 Label:LandscapeStreamingProxy_3_2_0 SpatiallyLoaded:1 Bounds:IsValid=true, Min=(X=12600.000 Y=3.000 Z=-3.000), Max=(X=25200.000 Y=12603.000 Z=3699.344) RuntimeGrid:None EditorOnly:0 RuntimeOnly:0 HLODRelevant:1 ListedInSceneOutliner:1 IsMainWorldOnly:0
 |   |   |- [+] [  1]
 |   |   |   |- Guid:0B7BFC654B2A60BAA94D0F82F565206A BaseClass: NativeClass:/Script/Landscape.LandscapeStreamingProxy Name:LandscapeStreamingProxy_22GGT6N0606TOCY28AF2L1X1E_126_0_2_0 Label:LandscapeStreamingProxy_0_2_0 SpatiallyLoaded:1 Bounds:IsValid=true, Min=(X=-25200.000 Y=3.000 Z=-95.188), Max=(X=-12600.000 Y=12603.000 Z=2475.125) RuntimeGrid:None EditorOnly:0 RuntimeOnly:0 HLODRelevant:1 ListedInSceneOutliner:1 IsMainWorldOnly:0
 |   |   |- [+] [  2]
 |   |   |   |- Guid:151F6E1E4711AFD5065389AE5369E6E4 BaseClass: NativeClass:/Script/Landscape.LandscapeStreamingProxy Name:LandscapeStreamingProxy_22GGT6N0606TOCY28AF2L1X1E_126_1_2_0 Label:LandscapeStreamingProxy_1_2_0 SpatiallyLoaded:1 Bounds:IsValid=true, Min=(X=-12600.000 Y=3.000 Z=-142.844), Max=(X=0.000 Y=12603.000 Z=3387.625) RuntimeGrid:None EditorOnly:0 RuntimeOnly:0 HLODRelevant:1 ListedInSceneOutliner:1 IsMainWorldOnly:0
 |   |   |- [+] [  3]
 |   |   |   |- Guid:190E4A924F1E1D98AE50D6942AD0C938 BaseClass: NativeClass:/Script/Landscape.LandscapeStreamingProxy Name:LandscapeStreamingProxy_22GGT6N0606TOCY28AF2L1X1E_126_2_1_0 Label:LandscapeStreamingProxy_2_1_0 SpatiallyLoaded:1 Bounds:IsValid=true, Min=(X=0.000 Y=-12597.000 Z=-114.719), Max=(X=12600.000 Y=3.000 Z=3953.250) RuntimeGrid:None EditorOnly:0 RuntimeOnly:0 HLODRelevant:1 ListedInSceneOutliner:1 IsMainWorldOnly:0
 |   |   |- [+] [  4]
 |   |   |   |- Guid:1BC2B3154D482D0965ABC18F7D927E9A BaseClass:/Game/Blueprints/StingingNettle.StingingNettle_C NativeClass:/Script/Engine.Actor Name:StingingNettle_C_UAID_D88083CC16D240A002_1915609721 Label:StingingNettle2 SpatiallyLoaded:1 Bounds:IsValid=true, Min=(X=1273.565 Y=788.293 Z=117.250), Max=(X=1365.259 Y=879.987 Z=227.218) RuntimeGrid:None EditorOnly:0 RuntimeOnly:0 HLODRelevant:0 ListedInSceneOutliner:1 IsMainWorldOnly:0
 |   |   |- [+] [  5]
 |   |   |   |- Guid:1D413E23403DFF2A838CCBB269CA5076 BaseClass: NativeClass:/Script/Landscape.LandscapeStreamingProxy Name:LandscapeStreamingProxy_22GGT6N0606TOCY28AF2L1X1E_126_3_3_0 Label:LandscapeStreamingProxy_3_3_0 SpatiallyLoaded:1 Bounds:IsValid=true, Min=(X=12600.000 Y=12603.000 Z=-3.000), Max=(X=25200.000 Y=25203.000 Z=4061.844) RuntimeGrid:None EditorOnly:0 RuntimeOnly:0 HLODRelevant:1 ListedInSceneOutliner:1 IsMainWorldOnly:0
 |   |   |- [+] [  6]
 |   |   |   |- Guid:21322DA4455218DDB468AC94DC130CE5 BaseClass: NativeClass:/Script/Landscape.LandscapeStreamingProxy Name:LandscapeStreamingProxy_22GGT6N0606TOCY28AF2L1X1E_126_3_1_0 Label:LandscapeStreamingProxy_3_1_0 SpatiallyLoaded:1 Bounds:IsValid=true, Min=(X=12600.000 Y=-12597.000 Z=-71.750), Max=(X=25200.000 Y=3.000 Z=2819.656) RuntimeGrid:None EditorOnly:0 RuntimeOnly:0 HLODRelevant:1 ListedInSceneOutliner:1 IsMainWorldOnly:0
 |   |   |- [+] [  7]
 |   |   |   |- Guid:2FB58999456391D349DC0F86DAC136ED BaseClass: NativeClass:/Script/Engine.SkyLight Name:SkyLight_1 Label:SkyLight SpatiallyLoaded:0 Bounds:IsValid=true, Min=(X=0.000 Y=84.915 Z=860.501), Max=(X=0.000 Y=84.915 Z=860.501) RuntimeGrid:None EditorOnly:0 RuntimeOnly:0 HLODRelevant:0 ListedInSceneOutliner:1 IsMainWorldOnly:0 FolderPath:Lighting FolderGuid:963EC3EB4002CCE9759E2EBA541A873A
 |   |   |- [+] [  8]
 |   |   |   |- Guid:30F624A84312638773736EA5D71A7B10 BaseClass: NativeClass:/Script/Landscape.LandscapeStreamingProxy Name:LandscapeStreamingProxy_22GGT6N0606TOCY28AF2L1X1E_126_0_1_0 Label:LandscapeStreamingProxy_0_1_0 SpatiallyLoaded:1 Bounds:IsValid=true, Min=(X=-25200.000 Y=-12597.000 Z=-8.469), Max=(X=-12600.000 Y=3.000 Z=1862.625) RuntimeGrid:None EditorOnly:0 RuntimeOnly:0 HLODRelevant:1 ListedInSceneOutliner:1 IsMainWorldOnly:0
 |   |   |- [+] [  9]
 |   |   |   |- Guid:316CF2A6494ACA4C0E4180A87D36AB8F BaseClass: NativeClass:/Script/Engine.ExponentialHeightFog Name:ExponentialHeightFog_0 Label:ExponentialHeightFog SpatiallyLoaded:0 Bounds:IsValid=true, Min=(X=-5600.000 Y=-50.000 Z=-6850.000), Max=(X=-5600.000 Y=-50.000 Z=-6850.000) RuntimeGrid:None EditorOnly:0 RuntimeOnly:0 HLODRelevant:0 ListedInSceneOutliner:1 IsMainWorldOnly:0 FolderPath:Lighting FolderGuid:963EC3EB4002CCE9759E2EBA541A873A
 |   |   |- [+] [ 10]
 |   |   |   |- Guid:3A00AA1C422CE54C0BDB60BAF471BFBB BaseClass: NativeClass:/Script/Engine.PlayerStart Name:PlayerStart_0 Label:PlayerStart SpatiallyLoaded:0 Bounds:IsValid=true, Min=(X=860.000 Y=1070.000 Z=316.842), Max=(X=940.000 Y=1150.000 Z=500.842) RuntimeGrid:None EditorOnly:0 RuntimeOnly:0 HLODRelevant:0 ListedInSceneOutliner:1 IsMainWorldOnly:0
 |   |   |- [+] [ 11]
 |   |   |   |- Guid:45152A60427736A248D2289E24A990A7 BaseClass: NativeClass:/Script/Landscape.LandscapeStreamingProxy Name:LandscapeStreamingProxy_22GGT6N0606TOCY28AF2L1X1E_126_1_1_0 Label:LandscapeStreamingProxy_1_1_0 SpatiallyLoaded:1 Bounds:IsValid=true, Min=(X=-12600.000 Y=-12597.000 Z=-3.000), Max=(X=0.000 Y=3.000 Z=3323.562) RuntimeGrid:None EditorOnly:0 RuntimeOnly:0 HLODRelevant:1 ListedInSceneOutliner:1 IsMainWorldOnly:0
 |   |   |- [+] [ 12]
 |   |   |   |- Guid:4D3BE93F4146AAAC8BBE79999D96D57F BaseClass: NativeClass:/Script/Engine.VolumetricCloud Name:VolumetricCloud_0 Label:VolumetricCloud SpatiallyLoaded:0 Bounds:IsValid=true, Min=(X=0.000 Y=0.000 Z=820.000), Max=(X=0.000 Y=0.000 Z=820.000) RuntimeGrid:None EditorOnly:0 RuntimeOnly:0 HLODRelevant:0 ListedInSceneOutliner:1 IsMainWorldOnly:0 FolderPath:Lighting FolderGuid:963EC3EB4002CCE9759E2EBA541A873A
 |   |   |- [+] [ 13]
 |   |   |   |- Guid:5F6AF956406622F95C114293C5A61816 BaseClass: NativeClass:/Script/Landscape.LandscapeStreamingProxy Name:LandscapeStreamingProxy_22GGT6N0606TOCY28AF2L1X1E_126_0_0_0 Label:LandscapeStreamingProxy_0_0_0 SpatiallyLoaded:1 Bounds:IsValid=true, Min=(X=-25200.000 Y=-25197.000 Z=-3.000), Max=(X=-12600.000 Y=-12597.000 Z=2111.844) RuntimeGrid:None EditorOnly:0 RuntimeOnly:0 HLODRelevant:1 ListedInSceneOutliner:1 IsMainWorldOnly:0
 |   |   |- [+] [ 14]
 |   |   |   |- Guid:6BAF4DDD444C60371492D3919DB42C97 BaseClass: NativeClass:/Script/Engine.WorldDataLayers Name:WorldDataLayers Label:WorldDataLayers SpatiallyLoaded:0 Bounds:Invalid RuntimeGrid:None EditorOnly:0 RuntimeOnly:0 HLODRelevant:0 ListedInSceneOutliner:1 IsMainWorldOnly:1
 |   |   |- [+] [ 15]
 |   |   |   |- Guid:6D8C734646124668FC10FB81CA0566B4 BaseClass: NativeClass:/Script/Landscape.LandscapeStreamingProxy Name:LandscapeStreamingProxy_22GGT6N0606TOCY28AF2L1X1E_126_1_3_0 Label:LandscapeStreamingProxy_1_3_0 SpatiallyLoaded:1 Bounds:IsValid=true, Min=(X=-12600.000 Y=12603.000 Z=-89.719), Max=(X=0.000 Y=25203.000 Z=1317.312) RuntimeGrid:None EditorOnly:0 RuntimeOnly:0 HLODRelevant:1 ListedInSceneOutliner:1 IsMainWorldOnly:0
 |   |   |- [+] [ 16]
 |   |   |   |- Guid:6E5A98E34962F20C14CE7AB2BECF9022 BaseClass: NativeClass:/Script/Landscape.LandscapeStreamingProxy Name:LandscapeStreamingProxy_22GGT6N0606TOCY28AF2L1X1E_126_1_0_0 Label:LandscapeStreamingProxy_1_0_0 SpatiallyLoaded:1 Bounds:IsValid=true, Min=(X=-12600.000 Y=-25197.000 Z=77.469), Max=(X=0.000 Y=-12597.000 Z=2156.375) RuntimeGrid:None EditorOnly:0 RuntimeOnly:0 HLODRelevant:1 ListedInSceneOutliner:1 IsMainWorldOnly:0
 |   |   |- [+] [ 17]
 |   |   |   |- Guid:92A0EBC54D36DBBC3AF734ABDE546676 BaseClass: NativeClass:/Script/Landscape.LandscapeStreamingProxy Name:LandscapeStreamingProxy_22GGT6N0606TOCY28AF2L1X1E_126_0_3_0 Label:LandscapeStreamingProxy_0_3_0 SpatiallyLoaded:1 Bounds:IsValid=true, Min=(X=-25200.000 Y=12603.000 Z=-92.844), Max=(X=-12600.000 Y=25203.000 Z=1589.188) RuntimeGrid:None EditorOnly:0 RuntimeOnly:0 HLODRelevant:1 ListedInSceneOutliner:1 IsMainWorldOnly:0
 |   |   |- [+] [ 18]
 |   |   |   |- Guid:A68146DC43C8D70EA04C849238BA94EE BaseClass: NativeClass:/Script/Landscape.LandscapeStreamingProxy Name:LandscapeStreamingProxy_22GGT6N0606TOCY28AF2L1X1E_126_2_3_0 Label:LandscapeStreamingProxy_2_3_0 SpatiallyLoaded:1 Bounds:IsValid=true, Min=(X=0.000 Y=12603.000 Z=9.500), Max=(X=12600.000 Y=25203.000 Z=1352.469) RuntimeGrid:None EditorOnly:0 RuntimeOnly:0 HLODRelevant:1 ListedInSceneOutliner:1 IsMainWorldOnly:0
 |   |   |- [+] [ 19]
 |   |   |   |- Guid:ADB1E400484082F840A5BFBFB7DD551E BaseClass: NativeClass:/Script/Landscape.LandscapeStreamingProxy Name:LandscapeStreamingProxy_22GGT6N0606TOCY28AF2L1X1E_126_2_0_0 Label:LandscapeStreamingProxy_2_0_0 SpatiallyLoaded:1 Bounds:IsValid=true, Min=(X=0.000 Y=-25197.000 Z=82.156), Max=(X=12600.000 Y=-12597.000 Z=1058.719) RuntimeGrid:None EditorOnly:0 RuntimeOnly:0 HLODRelevant:1 ListedInSceneOutliner:1 IsMainWorldOnly:0
 |   |   |- [+] [ 20]
 |   |   |   |- Guid:B785ED2844B84CFB91E7F39FE661CD99 BaseClass: NativeClass:/Script/Engine.DirectionalLight Name:DirectionalLight_0 Label:DirectionalLight SpatiallyLoaded:0 Bounds:Invalid RuntimeGrid:None EditorOnly:0 RuntimeOnly:0 HLODRelevant:0 ListedInSceneOutliner:1 IsMainWorldOnly:0 FolderPath:Lighting FolderGuid:963EC3EB4002CCE9759E2EBA541A873A
 |   |   |- [+] [ 21]
 |   |   |   |- Guid:BC9176CA40462C1370FB2CA3CA610331 BaseClass:/Game/Blueprints/StingingNettle.StingingNettle_C NativeClass:/Script/Engine.Actor Name:StingingNettle_C_UAID_D88083CC16D240A002_1902741720 Label:StingingNettle SpatiallyLoaded:1 Bounds:IsValid=true, Min=(X=819.472 Y=594.982 Z=325.933), Max=(X=911.166 Y=686.676 Z=435.901) RuntimeGrid:None EditorOnly:0 RuntimeOnly:0 HLODRelevant:0 ListedInSceneOutliner:1 IsMainWorldOnly:0
 |   |   |- [+] [ 22]
 |   |   |   |- Guid:CCFF262C46EEFFDF319E7F9539CE697E BaseClass: NativeClass:/Script/Engine.SkyAtmosphere Name:SkyAtmosphere_0 Label:SkyAtmosphere SpatiallyLoaded:0 Bounds:IsValid=true, Min=(X=0.000 Y=0.000 Z=1020.000), Max=(X=0.000 Y=0.000 Z=1020.000) RuntimeGrid:None EditorOnly:0 RuntimeOnly:0 HLODRelevant:0 ListedInSceneOutliner:1 IsMainWorldOnly:0 FolderPath:Lighting FolderGuid:963EC3EB4002CCE9759E2EBA541A873A
 |   |   |- [+] [ 23]
 |   |   |   |- Guid:CE8020304DAA4DC9B23289ADAAE023D2 BaseClass: NativeClass:/Script/Landscape.LandscapeStreamingProxy Name:LandscapeStreamingProxy_22GGT6N0606TOCY28AF2L1X1E_126_3_0_0 Label:LandscapeStreamingProxy_3_0_0 SpatiallyLoaded:1 Bounds:IsValid=true, Min=(X=12600.000 Y=-25197.000 Z=-3.000), Max=(X=25200.000 Y=-12597.000 Z=1329.812) RuntimeGrid:None EditorOnly:0 RuntimeOnly:0 HLODRelevant:1 ListedInSceneOutliner:1 IsMainWorldOnly:0
 |   |   |- [+] [ 24]
 |   |   |   |- Guid:D7239821487AFB78588616A1A452AD34 BaseClass: NativeClass:/Script/Landscape.LandscapeStreamingProxy Name:LandscapeStreamingProxy_22GGT6N0606TOCY28AF2L1X1E_126_2_2_0 Label:LandscapeStreamingProxy_2_2_0 SpatiallyLoaded:1 Bounds:IsValid=true, Min=(X=0.000 Y=3.000 Z=-145.188), Max=(X=12600.000 Y=12603.000 Z=2197.781) RuntimeGrid:None EditorOnly:0 RuntimeOnly:0 HLODRelevant:1 ListedInSceneOutliner:1 IsMainWorldOnly:0
 |   |   |- [+] [ 25]
 |   |   |   |- Guid:EC4E0C944CE6AC6E784BC6BB2916EA13 BaseClass: NativeClass:/Script/Engine.StaticMeshActor Name:StaticMeshActor_UAID_A4AE111137DC5EFB00_1110535423 Label:SM_SkySphere SpatiallyLoaded:0 Bounds:IsValid=true, Min=(X=-1638400.000 Y=-1638400.000 Z=-1638400.000), Max=(X=1638400.000 Y=1638400.000 Z=1638400.000) RuntimeGrid:None EditorOnly:0 RuntimeOnly:0 HLODRelevant:0 ListedInSceneOutliner:1 IsMainWorldOnly:0 FolderPath:Lighting FolderGuid:963EC3EB4002CCE9759E2EBA541A873A
 |   |   |- [+] [ 26]
 |   |   |   |- Guid:FA40CD9643F5B2FD6480CE94BFB47B21 BaseClass: NativeClass:/Script/Landscape.Landscape Name:Landscape_UAID_D88083CC16D238A002_1948845311 Label:Landscape SpatiallyLoaded:0 Bounds:IsValid=true, Min=(X=-25200.000 Y=-25197.000 Z=-3.000), Max=(X=-25200.000 Y=-25197.000 Z=-3.000) RuntimeGrid:None EditorOnly:0 RuntimeOnly:0 HLODRelevant:0 ListedInSceneOutliner:1 IsMainWorldOnly:0
 |- ContainerInstances:
 |- [+] MainContainer:
 |   |-        ID: 00000000000000000000000000000000
 |   |-  ParentID: 00000000000000000000000000000000
 |   |-    Bounds: IsValid=false, Min=(X=0.000 Y=0.000 Z=0.000), Max=(X=0.000 Y=0.000 Z=0.000)
 |   |- Transform: 0.000000,0.000000,0.000000|0.000000,0.000000,-0.000000|1.000000,1.000000,1.000000
 |   |- Container: /Game/Maps/Mountains
----------------------------------------------------------------------------------------------------------------
Mountains - Persistent Level
----------------------------------------------------------------------------------------------------------------
[+] Content of Mountains Persistent Level
 |- Always loaded Actor Count: 27 
 |- Actor Path: /Game/Maps/Mountains.Mountains:PersistentLevel.DirectionalLight_0
 |- Actor Package: /Game/__ExternalActors__/Maps/Mountains/A/Y2/VG9J3M9C9W5MAAYRWI41T5
 |- Actor Path: /Game/Maps/Mountains.Mountains:PersistentLevel.ExponentialHeightFog_0
 |- Actor Package: /Game/__ExternalActors__/Maps/Mountains/6/M3/I5F0NF246OPOHK15BBR91B
 |- Actor Path: /Game/Maps/Mountains.Mountains:PersistentLevel.Landscape_UAID_D88083CC16D238A002_1948845311
 |- Actor Package: /Game/__ExternalActors__/Maps/Mountains/1/ND/L6HDU9W3S67NJ2GNQSC50B
 |- Actor Path: /Game/Maps/Mountains.Mountains:PersistentLevel.LandscapeStreamingProxy_22GGT6N0606TOCY28AF2L1X1E_126_0_0_0
 |- Actor Package: /Game/__ExternalActors__/Maps/Mountains/E/WZ/SOVW1KM4TSGYMO9JX41LKC
 |- Actor Path: /Game/Maps/Mountains.Mountains:PersistentLevel.LandscapeStreamingProxy_22GGT6N0606TOCY28AF2L1X1E_126_0_1_0
 |- Actor Package: /Game/__ExternalActors__/Maps/Mountains/C/6G/DY7NI9HBEY0UNV8TN1TDDG
 |- Actor Path: /Game/Maps/Mountains.Mountains:PersistentLevel.LandscapeStreamingProxy_22GGT6N0606TOCY28AF2L1X1E_126_0_2_0
 |- Actor Package: /Game/__ExternalActors__/Maps/Mountains/E/50/UWY2XO0VAITKGQIZ7227C8
 |- Actor Path: /Game/Maps/Mountains.Mountains:PersistentLevel.LandscapeStreamingProxy_22GGT6N0606TOCY28AF2L1X1E_126_0_3_0
 |- Actor Package: /Game/__ExternalActors__/Maps/Mountains/4/DX/Z929JYYR68WGO6A8AS4HV8
 |- Actor Path: /Game/Maps/Mountains.Mountains:PersistentLevel.LandscapeStreamingProxy_22GGT6N0606TOCY28AF2L1X1E_126_1_0_0
 |- Actor Package: /Game/__ExternalActors__/Maps/Mountains/8/FK/FSWTXOE40A9L0RX0DP5THR
 |- Actor Path: /Game/Maps/Mountains.Mountains:PersistentLevel.LandscapeStreamingProxy_22GGT6N0606TOCY28AF2L1X1E_126_1_1_0
 |- Actor Package: /Game/__ExternalActors__/Maps/Mountains/3/6E/SJORE4ZC6VDLFZAHY69QHA
 |- Actor Path: /Game/Maps/Mountains.Mountains:PersistentLevel.LandscapeStreamingProxy_22GGT6N0606TOCY28AF2L1X1E_126_1_2_0
 |- Actor Package: /Game/__ExternalActors__/Maps/Mountains/3/T5/GCY9EU1JA9TCRJ06BTRWOP
 |- Actor Path: /Game/Maps/Mountains.Mountains:PersistentLevel.LandscapeStreamingProxy_22GGT6N0606TOCY28AF2L1X1E_126_1_3_0
 |- Actor Package: /Game/__ExternalActors__/Maps/Mountains/D/K6/PEFMAS0OPP2SCG86YKG90I
 |- Actor Path: /Game/Maps/Mountains.Mountains:PersistentLevel.LandscapeStreamingProxy_22GGT6N0606TOCY28AF2L1X1E_126_2_0_0
 |- Actor Package: /Game/__ExternalActors__/Maps/Mountains/B/2O/P55M1JOFLEY2IYGF2GN1NR
 |- Actor Path: /Game/Maps/Mountains.Mountains:PersistentLevel.LandscapeStreamingProxy_22GGT6N0606TOCY28AF2L1X1E_126_2_1_0
 |- Actor Package: /Game/__ExternalActors__/Maps/Mountains/7/K2/WHU6P2JSXMK4DOSRF9U55O
 |- Actor Path: /Game/Maps/Mountains.Mountains:PersistentLevel.LandscapeStreamingProxy_22GGT6N0606TOCY28AF2L1X1E_126_2_2_0
 |- Actor Package: /Game/__ExternalActors__/Maps/Mountains/A/VG/Q69O4AIKE8YW0RN303SESY
 |- Actor Path: /Game/Maps/Mountains.Mountains:PersistentLevel.LandscapeStreamingProxy_22GGT6N0606TOCY28AF2L1X1E_126_2_3_0
 |- Actor Package: /Game/__ExternalActors__/Maps/Mountains/E/KT/JCWLVO1R4MD9DQGZEMZZ6F
 |- Actor Path: /Game/Maps/Mountains.Mountains:PersistentLevel.LandscapeStreamingProxy_22GGT6N0606TOCY28AF2L1X1E_126_3_0_0
 |- Actor Package: /Game/__ExternalActors__/Maps/Mountains/C/6X/9XWEH5KNNWC4W1C89BM334
 |- Actor Path: /Game/Maps/Mountains.Mountains:PersistentLevel.LandscapeStreamingProxy_22GGT6N0606TOCY28AF2L1X1E_126_3_1_0
 |- Actor Package: /Game/__ExternalActors__/Maps/Mountains/4/IQ/E1T1R9N7LGED0HNZEXTUKH
 |- Actor Path: /Game/Maps/Mountains.Mountains:PersistentLevel.LandscapeStreamingProxy_22GGT6N0606TOCY28AF2L1X1E_126_3_2_0
 |- Actor Package: /Game/__ExternalActors__/Maps/Mountains/C/98/A5FOBCHQ1NJB51W6HUN8ZW
 |- Actor Path: /Game/Maps/Mountains.Mountains:PersistentLevel.LandscapeStreamingProxy_22GGT6N0606TOCY28AF2L1X1E_126_3_3_0
 |- Actor Package: /Game/__ExternalActors__/Maps/Mountains/5/H2/F43UMTF1JBRBLCKP3LKQZD
 |- Actor Path: /Game/Maps/Mountains.Mountains:PersistentLevel.PlayerStart_0
 |- Actor Package: /Game/__ExternalActors__/Maps/Mountains/6/2M/H1DENCXUVP6TZKHGN6PF5I
 |- Actor Path: /Game/Maps/Mountains.Mountains:PersistentLevel.SkyAtmosphere_0
 |- Actor Package: /Game/__ExternalActors__/Maps/Mountains/A/ZY/1MGEBXETVPLX32LPUUM165
 |- Actor Path: /Game/Maps/Mountains.Mountains:PersistentLevel.SkyLight_1
 |- Actor Package: /Game/__ExternalActors__/Maps/Mountains/7/XK/NNTKVXUNBU4V0C3QW9ULJZ
 |- Actor Path: /Game/Maps/Mountains.Mountains:PersistentLevel.StaticMeshActor_UAID_A4AE111137DC5EFB00_1110535423
 |- Actor Package: /Game/__ExternalActors__/Maps/Mountains/7/DC/GE9MAK2J25T7MCKBH9P5JQ
 |- Actor Path: /Game/Maps/Mountains.Mountains:PersistentLevel.StingingNettle_C_UAID_D88083CC16D240A002_1902741720
 |- Actor Package: /Game/__ExternalActors__/Maps/Mountains/B/5U/B43FMOSZNUWSVD2LTM5UWB
 |- Actor Path: /Game/Maps/Mountains.Mountains:PersistentLevel.StingingNettle_C_UAID_D88083CC16D240A002_1915609721
 |- Actor Package: /Game/__ExternalActors__/Maps/Mountains/8/A3/Y86D3N6LVMG71ZKIH42FOX
 |- Actor Path: /Game/Maps/Mountains.Mountains:PersistentLevel.VolumetricCloud_0
 |- Actor Package: /Game/__ExternalActors__/Maps/Mountains/B/1T/N3Z5JGWP19KMJQK5QCSIX9
 |- Actor Path: /Game/Maps/Mountains.Mountains:PersistentLevel.WorldDataLayers
 |- Actor Package: /Game/__ExternalActors__/Maps/Mountains/6/HV/QZBUAZQME6RLK0UZ6IQW21

----------------------------------------------------------------------------------------------------------------
Mountains - Runtime Hash Set
----------------------------------------------------------------------------------------------------------------

